ARM GAS  C:\Users\KCAC0~1.KOZ\AppData\Local\Temp\ccUy24Vj.s 			page 1


   1              		.cpu cortex-m7
   2              		.arch armv7e-m
   3              		.fpu fpv5-sp-d16
   4              		.eabi_attribute 27, 1
   5              		.eabi_attribute 28, 1
   6              		.eabi_attribute 20, 1
   7              		.eabi_attribute 21, 1
   8              		.eabi_attribute 23, 3
   9              		.eabi_attribute 24, 1
  10              		.eabi_attribute 25, 1
  11              		.eabi_attribute 26, 1
  12              		.eabi_attribute 30, 1
  13              		.eabi_attribute 34, 1
  14              		.eabi_attribute 18, 4
  15              		.file	"stm32f7xx_hal_msp.c"
  16              		.text
  17              	.Ltext0:
  18              		.cfi_sections	.debug_frame
  19              		.section	.text.HAL_MspInit,"ax",%progbits
  20              		.align	1
  21              		.global	HAL_MspInit
  22              		.syntax unified
  23              		.thumb
  24              		.thumb_func
  26              	HAL_MspInit:
  27              	.LFB141:
  28              		.file 1 "Core/Src/stm32f7xx_hal_msp.c"
   1:Core/Src/stm32f7xx_hal_msp.c **** /* USER CODE BEGIN Header */
   2:Core/Src/stm32f7xx_hal_msp.c **** /**
   3:Core/Src/stm32f7xx_hal_msp.c ****   ******************************************************************************
   4:Core/Src/stm32f7xx_hal_msp.c ****   * @file         stm32f7xx_hal_msp.c
   5:Core/Src/stm32f7xx_hal_msp.c ****   * @brief        This file provides code for the MSP Initialization
   6:Core/Src/stm32f7xx_hal_msp.c ****   *               and de-Initialization codes.
   7:Core/Src/stm32f7xx_hal_msp.c ****   ******************************************************************************
   8:Core/Src/stm32f7xx_hal_msp.c ****   * @attention
   9:Core/Src/stm32f7xx_hal_msp.c ****   *
  10:Core/Src/stm32f7xx_hal_msp.c ****   * Copyright (c) 2023 STMicroelectronics.
  11:Core/Src/stm32f7xx_hal_msp.c ****   * All rights reserved.
  12:Core/Src/stm32f7xx_hal_msp.c ****   *
  13:Core/Src/stm32f7xx_hal_msp.c ****   * This software is licensed under terms that can be found in the LICENSE file
  14:Core/Src/stm32f7xx_hal_msp.c ****   * in the root directory of this software component.
  15:Core/Src/stm32f7xx_hal_msp.c ****   * If no LICENSE file comes with this software, it is provided AS-IS.
  16:Core/Src/stm32f7xx_hal_msp.c ****   *
  17:Core/Src/stm32f7xx_hal_msp.c ****   ******************************************************************************
  18:Core/Src/stm32f7xx_hal_msp.c ****   */
  19:Core/Src/stm32f7xx_hal_msp.c **** /* USER CODE END Header */
  20:Core/Src/stm32f7xx_hal_msp.c **** 
  21:Core/Src/stm32f7xx_hal_msp.c **** /* Includes ------------------------------------------------------------------*/
  22:Core/Src/stm32f7xx_hal_msp.c **** #include "main.h"
  23:Core/Src/stm32f7xx_hal_msp.c **** /* USER CODE BEGIN Includes */
  24:Core/Src/stm32f7xx_hal_msp.c **** 
  25:Core/Src/stm32f7xx_hal_msp.c **** /* USER CODE END Includes */
  26:Core/Src/stm32f7xx_hal_msp.c **** 
  27:Core/Src/stm32f7xx_hal_msp.c **** /* Private typedef -----------------------------------------------------------*/
  28:Core/Src/stm32f7xx_hal_msp.c **** /* USER CODE BEGIN TD */
  29:Core/Src/stm32f7xx_hal_msp.c **** 
  30:Core/Src/stm32f7xx_hal_msp.c **** /* USER CODE END TD */
ARM GAS  C:\Users\KCAC0~1.KOZ\AppData\Local\Temp\ccUy24Vj.s 			page 2


  31:Core/Src/stm32f7xx_hal_msp.c **** 
  32:Core/Src/stm32f7xx_hal_msp.c **** /* Private define ------------------------------------------------------------*/
  33:Core/Src/stm32f7xx_hal_msp.c **** /* USER CODE BEGIN Define */
  34:Core/Src/stm32f7xx_hal_msp.c **** 
  35:Core/Src/stm32f7xx_hal_msp.c **** /* USER CODE END Define */
  36:Core/Src/stm32f7xx_hal_msp.c **** 
  37:Core/Src/stm32f7xx_hal_msp.c **** /* Private macro -------------------------------------------------------------*/
  38:Core/Src/stm32f7xx_hal_msp.c **** /* USER CODE BEGIN Macro */
  39:Core/Src/stm32f7xx_hal_msp.c **** 
  40:Core/Src/stm32f7xx_hal_msp.c **** /* USER CODE END Macro */
  41:Core/Src/stm32f7xx_hal_msp.c **** 
  42:Core/Src/stm32f7xx_hal_msp.c **** /* Private variables ---------------------------------------------------------*/
  43:Core/Src/stm32f7xx_hal_msp.c **** /* USER CODE BEGIN PV */
  44:Core/Src/stm32f7xx_hal_msp.c **** 
  45:Core/Src/stm32f7xx_hal_msp.c **** /* USER CODE END PV */
  46:Core/Src/stm32f7xx_hal_msp.c **** 
  47:Core/Src/stm32f7xx_hal_msp.c **** /* Private function prototypes -----------------------------------------------*/
  48:Core/Src/stm32f7xx_hal_msp.c **** /* USER CODE BEGIN PFP */
  49:Core/Src/stm32f7xx_hal_msp.c **** 
  50:Core/Src/stm32f7xx_hal_msp.c **** /* USER CODE END PFP */
  51:Core/Src/stm32f7xx_hal_msp.c **** 
  52:Core/Src/stm32f7xx_hal_msp.c **** /* External functions --------------------------------------------------------*/
  53:Core/Src/stm32f7xx_hal_msp.c **** /* USER CODE BEGIN ExternalFunctions */
  54:Core/Src/stm32f7xx_hal_msp.c **** 
  55:Core/Src/stm32f7xx_hal_msp.c **** /* USER CODE END ExternalFunctions */
  56:Core/Src/stm32f7xx_hal_msp.c **** 
  57:Core/Src/stm32f7xx_hal_msp.c **** /* USER CODE BEGIN 0 */
  58:Core/Src/stm32f7xx_hal_msp.c **** 
  59:Core/Src/stm32f7xx_hal_msp.c **** /* USER CODE END 0 */
  60:Core/Src/stm32f7xx_hal_msp.c **** /**
  61:Core/Src/stm32f7xx_hal_msp.c ****   * Initializes the Global MSP.
  62:Core/Src/stm32f7xx_hal_msp.c ****   */
  63:Core/Src/stm32f7xx_hal_msp.c **** void HAL_MspInit(void)
  64:Core/Src/stm32f7xx_hal_msp.c **** {
  29              		.loc 1 64 1 view -0
  30              		.cfi_startproc
  31              		@ args = 0, pretend = 0, frame = 8
  32              		@ frame_needed = 0, uses_anonymous_args = 0
  33              		@ link register save eliminated.
  34 0000 82B0     		sub	sp, sp, #8
  35              	.LCFI0:
  36              		.cfi_def_cfa_offset 8
  65:Core/Src/stm32f7xx_hal_msp.c ****   /* USER CODE BEGIN MspInit 0 */
  66:Core/Src/stm32f7xx_hal_msp.c **** 
  67:Core/Src/stm32f7xx_hal_msp.c ****   /* USER CODE END MspInit 0 */
  68:Core/Src/stm32f7xx_hal_msp.c **** 
  69:Core/Src/stm32f7xx_hal_msp.c ****   __HAL_RCC_PWR_CLK_ENABLE();
  37              		.loc 1 69 3 view .LVU1
  38              	.LBB2:
  39              		.loc 1 69 3 view .LVU2
  40              		.loc 1 69 3 view .LVU3
  41 0002 0A4B     		ldr	r3, .L3
  42 0004 1A6C     		ldr	r2, [r3, #64]
  43 0006 42F08052 		orr	r2, r2, #268435456
  44 000a 1A64     		str	r2, [r3, #64]
  45              		.loc 1 69 3 view .LVU4
  46 000c 1A6C     		ldr	r2, [r3, #64]
ARM GAS  C:\Users\KCAC0~1.KOZ\AppData\Local\Temp\ccUy24Vj.s 			page 3


  47 000e 02F08052 		and	r2, r2, #268435456
  48 0012 0092     		str	r2, [sp]
  49              		.loc 1 69 3 view .LVU5
  50 0014 009A     		ldr	r2, [sp]
  51              	.LBE2:
  52              		.loc 1 69 3 view .LVU6
  70:Core/Src/stm32f7xx_hal_msp.c ****   __HAL_RCC_SYSCFG_CLK_ENABLE();
  53              		.loc 1 70 3 view .LVU7
  54              	.LBB3:
  55              		.loc 1 70 3 view .LVU8
  56              		.loc 1 70 3 view .LVU9
  57 0016 5A6C     		ldr	r2, [r3, #68]
  58 0018 42F48042 		orr	r2, r2, #16384
  59 001c 5A64     		str	r2, [r3, #68]
  60              		.loc 1 70 3 view .LVU10
  61 001e 5B6C     		ldr	r3, [r3, #68]
  62 0020 03F48043 		and	r3, r3, #16384
  63 0024 0193     		str	r3, [sp, #4]
  64              		.loc 1 70 3 view .LVU11
  65 0026 019B     		ldr	r3, [sp, #4]
  66              	.LBE3:
  67              		.loc 1 70 3 view .LVU12
  71:Core/Src/stm32f7xx_hal_msp.c **** 
  72:Core/Src/stm32f7xx_hal_msp.c ****   /* System interrupt init*/
  73:Core/Src/stm32f7xx_hal_msp.c **** 
  74:Core/Src/stm32f7xx_hal_msp.c ****   /* USER CODE BEGIN MspInit 1 */
  75:Core/Src/stm32f7xx_hal_msp.c **** 
  76:Core/Src/stm32f7xx_hal_msp.c ****   /* USER CODE END MspInit 1 */
  77:Core/Src/stm32f7xx_hal_msp.c **** }
  68              		.loc 1 77 1 is_stmt 0 view .LVU13
  69 0028 02B0     		add	sp, sp, #8
  70              	.LCFI1:
  71              		.cfi_def_cfa_offset 0
  72              		@ sp needed
  73 002a 7047     		bx	lr
  74              	.L4:
  75              		.align	2
  76              	.L3:
  77 002c 00380240 		.word	1073887232
  78              		.cfi_endproc
  79              	.LFE141:
  81              		.section	.text.HAL_UART_MspInit,"ax",%progbits
  82              		.align	1
  83              		.global	HAL_UART_MspInit
  84              		.syntax unified
  85              		.thumb
  86              		.thumb_func
  88              	HAL_UART_MspInit:
  89              	.LVL0:
  90              	.LFB142:
  78:Core/Src/stm32f7xx_hal_msp.c **** 
  79:Core/Src/stm32f7xx_hal_msp.c **** /**
  80:Core/Src/stm32f7xx_hal_msp.c **** * @brief UART MSP Initialization
  81:Core/Src/stm32f7xx_hal_msp.c **** * This function configures the hardware resources used in this example
  82:Core/Src/stm32f7xx_hal_msp.c **** * @param huart: UART handle pointer
  83:Core/Src/stm32f7xx_hal_msp.c **** * @retval None
  84:Core/Src/stm32f7xx_hal_msp.c **** */
ARM GAS  C:\Users\KCAC0~1.KOZ\AppData\Local\Temp\ccUy24Vj.s 			page 4


  85:Core/Src/stm32f7xx_hal_msp.c **** void HAL_UART_MspInit(UART_HandleTypeDef* huart)
  86:Core/Src/stm32f7xx_hal_msp.c **** {
  91              		.loc 1 86 1 is_stmt 1 view -0
  92              		.cfi_startproc
  93              		@ args = 0, pretend = 0, frame = 168
  94              		@ frame_needed = 0, uses_anonymous_args = 0
  95              		.loc 1 86 1 is_stmt 0 view .LVU15
  96 0000 10B5     		push	{r4, lr}
  97              	.LCFI2:
  98              		.cfi_def_cfa_offset 8
  99              		.cfi_offset 4, -8
 100              		.cfi_offset 14, -4
 101 0002 AAB0     		sub	sp, sp, #168
 102              	.LCFI3:
 103              		.cfi_def_cfa_offset 176
 104 0004 0446     		mov	r4, r0
  87:Core/Src/stm32f7xx_hal_msp.c ****   GPIO_InitTypeDef GPIO_InitStruct = {0};
 105              		.loc 1 87 3 is_stmt 1 view .LVU16
 106              		.loc 1 87 20 is_stmt 0 view .LVU17
 107 0006 0021     		movs	r1, #0
 108 0008 2591     		str	r1, [sp, #148]
 109 000a 2691     		str	r1, [sp, #152]
 110 000c 2791     		str	r1, [sp, #156]
 111 000e 2891     		str	r1, [sp, #160]
 112 0010 2991     		str	r1, [sp, #164]
  88:Core/Src/stm32f7xx_hal_msp.c ****   RCC_PeriphCLKInitTypeDef PeriphClkInitStruct = {0};
 113              		.loc 1 88 3 is_stmt 1 view .LVU18
 114              		.loc 1 88 28 is_stmt 0 view .LVU19
 115 0012 8422     		movs	r2, #132
 116 0014 04A8     		add	r0, sp, #16
 117              	.LVL1:
 118              		.loc 1 88 28 view .LVU20
 119 0016 FFF7FEFF 		bl	memset
 120              	.LVL2:
  89:Core/Src/stm32f7xx_hal_msp.c ****   if(huart->Instance==UART4)
 121              		.loc 1 89 3 is_stmt 1 view .LVU21
 122              		.loc 1 89 11 is_stmt 0 view .LVU22
 123 001a 2368     		ldr	r3, [r4]
 124              		.loc 1 89 5 view .LVU23
 125 001c 2E4A     		ldr	r2, .L15
 126 001e 9342     		cmp	r3, r2
 127 0020 04D0     		beq	.L11
  90:Core/Src/stm32f7xx_hal_msp.c ****   {
  91:Core/Src/stm32f7xx_hal_msp.c ****   /* USER CODE BEGIN UART4_MspInit 0 */
  92:Core/Src/stm32f7xx_hal_msp.c **** 
  93:Core/Src/stm32f7xx_hal_msp.c ****   /* USER CODE END UART4_MspInit 0 */
  94:Core/Src/stm32f7xx_hal_msp.c **** 
  95:Core/Src/stm32f7xx_hal_msp.c ****   /** Initializes the peripherals clock
  96:Core/Src/stm32f7xx_hal_msp.c ****   */
  97:Core/Src/stm32f7xx_hal_msp.c ****     PeriphClkInitStruct.PeriphClockSelection = RCC_PERIPHCLK_UART4;
  98:Core/Src/stm32f7xx_hal_msp.c ****     PeriphClkInitStruct.Uart4ClockSelection = RCC_UART4CLKSOURCE_PCLK1;
  99:Core/Src/stm32f7xx_hal_msp.c ****     if (HAL_RCCEx_PeriphCLKConfig(&PeriphClkInitStruct) != HAL_OK)
 100:Core/Src/stm32f7xx_hal_msp.c ****     {
 101:Core/Src/stm32f7xx_hal_msp.c ****       Error_Handler();
 102:Core/Src/stm32f7xx_hal_msp.c ****     }
 103:Core/Src/stm32f7xx_hal_msp.c **** 
 104:Core/Src/stm32f7xx_hal_msp.c ****     /* Peripheral clock enable */
ARM GAS  C:\Users\KCAC0~1.KOZ\AppData\Local\Temp\ccUy24Vj.s 			page 5


 105:Core/Src/stm32f7xx_hal_msp.c ****     __HAL_RCC_UART4_CLK_ENABLE();
 106:Core/Src/stm32f7xx_hal_msp.c **** 
 107:Core/Src/stm32f7xx_hal_msp.c ****     __HAL_RCC_GPIOA_CLK_ENABLE();
 108:Core/Src/stm32f7xx_hal_msp.c ****     /**UART4 GPIO Configuration
 109:Core/Src/stm32f7xx_hal_msp.c ****     PA0/WKUP     ------> UART4_TX
 110:Core/Src/stm32f7xx_hal_msp.c ****     PA1     ------> UART4_RX
 111:Core/Src/stm32f7xx_hal_msp.c ****     */
 112:Core/Src/stm32f7xx_hal_msp.c ****     GPIO_InitStruct.Pin = GPIO_PIN_0|GPIO_PIN_1;
 113:Core/Src/stm32f7xx_hal_msp.c ****     GPIO_InitStruct.Mode = GPIO_MODE_AF_PP;
 114:Core/Src/stm32f7xx_hal_msp.c ****     GPIO_InitStruct.Pull = GPIO_NOPULL;
 115:Core/Src/stm32f7xx_hal_msp.c ****     GPIO_InitStruct.Speed = GPIO_SPEED_FREQ_VERY_HIGH;
 116:Core/Src/stm32f7xx_hal_msp.c ****     GPIO_InitStruct.Alternate = GPIO_AF8_UART4;
 117:Core/Src/stm32f7xx_hal_msp.c ****     HAL_GPIO_Init(GPIOA, &GPIO_InitStruct);
 118:Core/Src/stm32f7xx_hal_msp.c **** 
 119:Core/Src/stm32f7xx_hal_msp.c ****   /* USER CODE BEGIN UART4_MspInit 1 */
 120:Core/Src/stm32f7xx_hal_msp.c **** 
 121:Core/Src/stm32f7xx_hal_msp.c ****   /* USER CODE END UART4_MspInit 1 */
 122:Core/Src/stm32f7xx_hal_msp.c ****   }
 123:Core/Src/stm32f7xx_hal_msp.c ****   else if(huart->Instance==USART2)
 128              		.loc 1 123 8 is_stmt 1 view .LVU24
 129              		.loc 1 123 10 is_stmt 0 view .LVU25
 130 0022 2E4A     		ldr	r2, .L15+4
 131 0024 9342     		cmp	r3, r2
 132 0026 2CD0     		beq	.L12
 133              	.L5:
 124:Core/Src/stm32f7xx_hal_msp.c ****   {
 125:Core/Src/stm32f7xx_hal_msp.c ****   /* USER CODE BEGIN USART2_MspInit 0 */
 126:Core/Src/stm32f7xx_hal_msp.c **** 
 127:Core/Src/stm32f7xx_hal_msp.c ****   /* USER CODE END USART2_MspInit 0 */
 128:Core/Src/stm32f7xx_hal_msp.c **** 
 129:Core/Src/stm32f7xx_hal_msp.c ****   /** Initializes the peripherals clock
 130:Core/Src/stm32f7xx_hal_msp.c ****   */
 131:Core/Src/stm32f7xx_hal_msp.c ****     PeriphClkInitStruct.PeriphClockSelection = RCC_PERIPHCLK_USART2;
 132:Core/Src/stm32f7xx_hal_msp.c ****     PeriphClkInitStruct.Usart2ClockSelection = RCC_USART2CLKSOURCE_PCLK1;
 133:Core/Src/stm32f7xx_hal_msp.c ****     if (HAL_RCCEx_PeriphCLKConfig(&PeriphClkInitStruct) != HAL_OK)
 134:Core/Src/stm32f7xx_hal_msp.c ****     {
 135:Core/Src/stm32f7xx_hal_msp.c ****       Error_Handler();
 136:Core/Src/stm32f7xx_hal_msp.c ****     }
 137:Core/Src/stm32f7xx_hal_msp.c **** 
 138:Core/Src/stm32f7xx_hal_msp.c ****     /* Peripheral clock enable */
 139:Core/Src/stm32f7xx_hal_msp.c ****     __HAL_RCC_USART2_CLK_ENABLE();
 140:Core/Src/stm32f7xx_hal_msp.c **** 
 141:Core/Src/stm32f7xx_hal_msp.c ****     __HAL_RCC_GPIOA_CLK_ENABLE();
 142:Core/Src/stm32f7xx_hal_msp.c ****     /**USART2 GPIO Configuration
 143:Core/Src/stm32f7xx_hal_msp.c ****     PA2     ------> USART2_TX
 144:Core/Src/stm32f7xx_hal_msp.c ****     PA3     ------> USART2_RX
 145:Core/Src/stm32f7xx_hal_msp.c ****     */
 146:Core/Src/stm32f7xx_hal_msp.c ****     GPIO_InitStruct.Pin = GPIO_PIN_2|GPIO_PIN_3;
 147:Core/Src/stm32f7xx_hal_msp.c ****     GPIO_InitStruct.Mode = GPIO_MODE_AF_PP;
 148:Core/Src/stm32f7xx_hal_msp.c ****     GPIO_InitStruct.Pull = GPIO_NOPULL;
 149:Core/Src/stm32f7xx_hal_msp.c ****     GPIO_InitStruct.Speed = GPIO_SPEED_FREQ_VERY_HIGH;
 150:Core/Src/stm32f7xx_hal_msp.c ****     GPIO_InitStruct.Alternate = GPIO_AF7_USART2;
 151:Core/Src/stm32f7xx_hal_msp.c ****     HAL_GPIO_Init(GPIOA, &GPIO_InitStruct);
 152:Core/Src/stm32f7xx_hal_msp.c **** 
 153:Core/Src/stm32f7xx_hal_msp.c ****   /* USER CODE BEGIN USART2_MspInit 1 */
 154:Core/Src/stm32f7xx_hal_msp.c **** 
 155:Core/Src/stm32f7xx_hal_msp.c ****   /* USER CODE END USART2_MspInit 1 */
ARM GAS  C:\Users\KCAC0~1.KOZ\AppData\Local\Temp\ccUy24Vj.s 			page 6


 156:Core/Src/stm32f7xx_hal_msp.c ****   }
 157:Core/Src/stm32f7xx_hal_msp.c **** 
 158:Core/Src/stm32f7xx_hal_msp.c **** }
 134              		.loc 1 158 1 view .LVU26
 135 0028 2AB0     		add	sp, sp, #168
 136              	.LCFI4:
 137              		.cfi_remember_state
 138              		.cfi_def_cfa_offset 8
 139              		@ sp needed
 140 002a 10BD     		pop	{r4, pc}
 141              	.LVL3:
 142              	.L11:
 143              	.LCFI5:
 144              		.cfi_restore_state
  97:Core/Src/stm32f7xx_hal_msp.c ****     PeriphClkInitStruct.Uart4ClockSelection = RCC_UART4CLKSOURCE_PCLK1;
 145              		.loc 1 97 5 is_stmt 1 view .LVU27
  97:Core/Src/stm32f7xx_hal_msp.c ****     PeriphClkInitStruct.Uart4ClockSelection = RCC_UART4CLKSOURCE_PCLK1;
 146              		.loc 1 97 46 is_stmt 0 view .LVU28
 147 002c 4FF40073 		mov	r3, #512
 148 0030 0493     		str	r3, [sp, #16]
  98:Core/Src/stm32f7xx_hal_msp.c ****     if (HAL_RCCEx_PeriphCLKConfig(&PeriphClkInitStruct) != HAL_OK)
 149              		.loc 1 98 5 is_stmt 1 view .LVU29
  99:Core/Src/stm32f7xx_hal_msp.c ****     {
 150              		.loc 1 99 5 view .LVU30
  99:Core/Src/stm32f7xx_hal_msp.c ****     {
 151              		.loc 1 99 9 is_stmt 0 view .LVU31
 152 0032 04A8     		add	r0, sp, #16
 153 0034 FFF7FEFF 		bl	HAL_RCCEx_PeriphCLKConfig
 154              	.LVL4:
  99:Core/Src/stm32f7xx_hal_msp.c ****     {
 155              		.loc 1 99 8 view .LVU32
 156 0038 00BB     		cbnz	r0, .L13
 157              	.L7:
 105:Core/Src/stm32f7xx_hal_msp.c **** 
 158              		.loc 1 105 5 is_stmt 1 view .LVU33
 159              	.LBB4:
 105:Core/Src/stm32f7xx_hal_msp.c **** 
 160              		.loc 1 105 5 view .LVU34
 105:Core/Src/stm32f7xx_hal_msp.c **** 
 161              		.loc 1 105 5 view .LVU35
 162 003a 294B     		ldr	r3, .L15+8
 163 003c 1A6C     		ldr	r2, [r3, #64]
 164 003e 42F40022 		orr	r2, r2, #524288
 165 0042 1A64     		str	r2, [r3, #64]
 105:Core/Src/stm32f7xx_hal_msp.c **** 
 166              		.loc 1 105 5 view .LVU36
 167 0044 1A6C     		ldr	r2, [r3, #64]
 168 0046 02F40022 		and	r2, r2, #524288
 169 004a 0092     		str	r2, [sp]
 105:Core/Src/stm32f7xx_hal_msp.c **** 
 170              		.loc 1 105 5 view .LVU37
 171 004c 009A     		ldr	r2, [sp]
 172              	.LBE4:
 105:Core/Src/stm32f7xx_hal_msp.c **** 
 173              		.loc 1 105 5 view .LVU38
 107:Core/Src/stm32f7xx_hal_msp.c ****     /**UART4 GPIO Configuration
 174              		.loc 1 107 5 view .LVU39
ARM GAS  C:\Users\KCAC0~1.KOZ\AppData\Local\Temp\ccUy24Vj.s 			page 7


 175              	.LBB5:
 107:Core/Src/stm32f7xx_hal_msp.c ****     /**UART4 GPIO Configuration
 176              		.loc 1 107 5 view .LVU40
 107:Core/Src/stm32f7xx_hal_msp.c ****     /**UART4 GPIO Configuration
 177              		.loc 1 107 5 view .LVU41
 178 004e 1A6B     		ldr	r2, [r3, #48]
 179 0050 42F00102 		orr	r2, r2, #1
 180 0054 1A63     		str	r2, [r3, #48]
 107:Core/Src/stm32f7xx_hal_msp.c ****     /**UART4 GPIO Configuration
 181              		.loc 1 107 5 view .LVU42
 182 0056 1B6B     		ldr	r3, [r3, #48]
 183 0058 03F00103 		and	r3, r3, #1
 184 005c 0193     		str	r3, [sp, #4]
 107:Core/Src/stm32f7xx_hal_msp.c ****     /**UART4 GPIO Configuration
 185              		.loc 1 107 5 view .LVU43
 186 005e 019B     		ldr	r3, [sp, #4]
 187              	.LBE5:
 107:Core/Src/stm32f7xx_hal_msp.c ****     /**UART4 GPIO Configuration
 188              		.loc 1 107 5 view .LVU44
 112:Core/Src/stm32f7xx_hal_msp.c ****     GPIO_InitStruct.Mode = GPIO_MODE_AF_PP;
 189              		.loc 1 112 5 view .LVU45
 112:Core/Src/stm32f7xx_hal_msp.c ****     GPIO_InitStruct.Mode = GPIO_MODE_AF_PP;
 190              		.loc 1 112 25 is_stmt 0 view .LVU46
 191 0060 0323     		movs	r3, #3
 192 0062 2593     		str	r3, [sp, #148]
 113:Core/Src/stm32f7xx_hal_msp.c ****     GPIO_InitStruct.Pull = GPIO_NOPULL;
 193              		.loc 1 113 5 is_stmt 1 view .LVU47
 113:Core/Src/stm32f7xx_hal_msp.c ****     GPIO_InitStruct.Pull = GPIO_NOPULL;
 194              		.loc 1 113 26 is_stmt 0 view .LVU48
 195 0064 0222     		movs	r2, #2
 196 0066 2692     		str	r2, [sp, #152]
 114:Core/Src/stm32f7xx_hal_msp.c ****     GPIO_InitStruct.Speed = GPIO_SPEED_FREQ_VERY_HIGH;
 197              		.loc 1 114 5 is_stmt 1 view .LVU49
 114:Core/Src/stm32f7xx_hal_msp.c ****     GPIO_InitStruct.Speed = GPIO_SPEED_FREQ_VERY_HIGH;
 198              		.loc 1 114 26 is_stmt 0 view .LVU50
 199 0068 0022     		movs	r2, #0
 200 006a 2792     		str	r2, [sp, #156]
 115:Core/Src/stm32f7xx_hal_msp.c ****     GPIO_InitStruct.Alternate = GPIO_AF8_UART4;
 201              		.loc 1 115 5 is_stmt 1 view .LVU51
 115:Core/Src/stm32f7xx_hal_msp.c ****     GPIO_InitStruct.Alternate = GPIO_AF8_UART4;
 202              		.loc 1 115 27 is_stmt 0 view .LVU52
 203 006c 2893     		str	r3, [sp, #160]
 116:Core/Src/stm32f7xx_hal_msp.c ****     HAL_GPIO_Init(GPIOA, &GPIO_InitStruct);
 204              		.loc 1 116 5 is_stmt 1 view .LVU53
 116:Core/Src/stm32f7xx_hal_msp.c ****     HAL_GPIO_Init(GPIOA, &GPIO_InitStruct);
 205              		.loc 1 116 31 is_stmt 0 view .LVU54
 206 006e 0823     		movs	r3, #8
 207 0070 2993     		str	r3, [sp, #164]
 117:Core/Src/stm32f7xx_hal_msp.c **** 
 208              		.loc 1 117 5 is_stmt 1 view .LVU55
 209 0072 25A9     		add	r1, sp, #148
 210 0074 1B48     		ldr	r0, .L15+12
 211 0076 FFF7FEFF 		bl	HAL_GPIO_Init
 212              	.LVL5:
 213 007a D5E7     		b	.L5
 214              	.L13:
 101:Core/Src/stm32f7xx_hal_msp.c ****     }
ARM GAS  C:\Users\KCAC0~1.KOZ\AppData\Local\Temp\ccUy24Vj.s 			page 8


 215              		.loc 1 101 7 view .LVU56
 216 007c FFF7FEFF 		bl	Error_Handler
 217              	.LVL6:
 218 0080 DBE7     		b	.L7
 219              	.L12:
 131:Core/Src/stm32f7xx_hal_msp.c ****     PeriphClkInitStruct.Usart2ClockSelection = RCC_USART2CLKSOURCE_PCLK1;
 220              		.loc 1 131 5 view .LVU57
 131:Core/Src/stm32f7xx_hal_msp.c ****     PeriphClkInitStruct.Usart2ClockSelection = RCC_USART2CLKSOURCE_PCLK1;
 221              		.loc 1 131 46 is_stmt 0 view .LVU58
 222 0082 8023     		movs	r3, #128
 223 0084 0493     		str	r3, [sp, #16]
 132:Core/Src/stm32f7xx_hal_msp.c ****     if (HAL_RCCEx_PeriphCLKConfig(&PeriphClkInitStruct) != HAL_OK)
 224              		.loc 1 132 5 is_stmt 1 view .LVU59
 133:Core/Src/stm32f7xx_hal_msp.c ****     {
 225              		.loc 1 133 5 view .LVU60
 133:Core/Src/stm32f7xx_hal_msp.c ****     {
 226              		.loc 1 133 9 is_stmt 0 view .LVU61
 227 0086 04A8     		add	r0, sp, #16
 228 0088 FFF7FEFF 		bl	HAL_RCCEx_PeriphCLKConfig
 229              	.LVL7:
 133:Core/Src/stm32f7xx_hal_msp.c ****     {
 230              		.loc 1 133 8 view .LVU62
 231 008c 08BB     		cbnz	r0, .L14
 232              	.L9:
 139:Core/Src/stm32f7xx_hal_msp.c **** 
 233              		.loc 1 139 5 is_stmt 1 view .LVU63
 234              	.LBB6:
 139:Core/Src/stm32f7xx_hal_msp.c **** 
 235              		.loc 1 139 5 view .LVU64
 139:Core/Src/stm32f7xx_hal_msp.c **** 
 236              		.loc 1 139 5 view .LVU65
 237 008e 144B     		ldr	r3, .L15+8
 238 0090 1A6C     		ldr	r2, [r3, #64]
 239 0092 42F40032 		orr	r2, r2, #131072
 240 0096 1A64     		str	r2, [r3, #64]
 139:Core/Src/stm32f7xx_hal_msp.c **** 
 241              		.loc 1 139 5 view .LVU66
 242 0098 1A6C     		ldr	r2, [r3, #64]
 243 009a 02F40032 		and	r2, r2, #131072
 244 009e 0292     		str	r2, [sp, #8]
 139:Core/Src/stm32f7xx_hal_msp.c **** 
 245              		.loc 1 139 5 view .LVU67
 246 00a0 029A     		ldr	r2, [sp, #8]
 247              	.LBE6:
 139:Core/Src/stm32f7xx_hal_msp.c **** 
 248              		.loc 1 139 5 view .LVU68
 141:Core/Src/stm32f7xx_hal_msp.c ****     /**USART2 GPIO Configuration
 249              		.loc 1 141 5 view .LVU69
 250              	.LBB7:
 141:Core/Src/stm32f7xx_hal_msp.c ****     /**USART2 GPIO Configuration
 251              		.loc 1 141 5 view .LVU70
 141:Core/Src/stm32f7xx_hal_msp.c ****     /**USART2 GPIO Configuration
 252              		.loc 1 141 5 view .LVU71
 253 00a2 1A6B     		ldr	r2, [r3, #48]
 254 00a4 42F00102 		orr	r2, r2, #1
 255 00a8 1A63     		str	r2, [r3, #48]
 141:Core/Src/stm32f7xx_hal_msp.c ****     /**USART2 GPIO Configuration
ARM GAS  C:\Users\KCAC0~1.KOZ\AppData\Local\Temp\ccUy24Vj.s 			page 9


 256              		.loc 1 141 5 view .LVU72
 257 00aa 1B6B     		ldr	r3, [r3, #48]
 258 00ac 03F00103 		and	r3, r3, #1
 259 00b0 0393     		str	r3, [sp, #12]
 141:Core/Src/stm32f7xx_hal_msp.c ****     /**USART2 GPIO Configuration
 260              		.loc 1 141 5 view .LVU73
 261 00b2 039B     		ldr	r3, [sp, #12]
 262              	.LBE7:
 141:Core/Src/stm32f7xx_hal_msp.c ****     /**USART2 GPIO Configuration
 263              		.loc 1 141 5 view .LVU74
 146:Core/Src/stm32f7xx_hal_msp.c ****     GPIO_InitStruct.Mode = GPIO_MODE_AF_PP;
 264              		.loc 1 146 5 view .LVU75
 146:Core/Src/stm32f7xx_hal_msp.c ****     GPIO_InitStruct.Mode = GPIO_MODE_AF_PP;
 265              		.loc 1 146 25 is_stmt 0 view .LVU76
 266 00b4 0C23     		movs	r3, #12
 267 00b6 2593     		str	r3, [sp, #148]
 147:Core/Src/stm32f7xx_hal_msp.c ****     GPIO_InitStruct.Pull = GPIO_NOPULL;
 268              		.loc 1 147 5 is_stmt 1 view .LVU77
 147:Core/Src/stm32f7xx_hal_msp.c ****     GPIO_InitStruct.Pull = GPIO_NOPULL;
 269              		.loc 1 147 26 is_stmt 0 view .LVU78
 270 00b8 0223     		movs	r3, #2
 271 00ba 2693     		str	r3, [sp, #152]
 148:Core/Src/stm32f7xx_hal_msp.c ****     GPIO_InitStruct.Speed = GPIO_SPEED_FREQ_VERY_HIGH;
 272              		.loc 1 148 5 is_stmt 1 view .LVU79
 148:Core/Src/stm32f7xx_hal_msp.c ****     GPIO_InitStruct.Speed = GPIO_SPEED_FREQ_VERY_HIGH;
 273              		.loc 1 148 26 is_stmt 0 view .LVU80
 274 00bc 0023     		movs	r3, #0
 275 00be 2793     		str	r3, [sp, #156]
 149:Core/Src/stm32f7xx_hal_msp.c ****     GPIO_InitStruct.Alternate = GPIO_AF7_USART2;
 276              		.loc 1 149 5 is_stmt 1 view .LVU81
 149:Core/Src/stm32f7xx_hal_msp.c ****     GPIO_InitStruct.Alternate = GPIO_AF7_USART2;
 277              		.loc 1 149 27 is_stmt 0 view .LVU82
 278 00c0 0323     		movs	r3, #3
 279 00c2 2893     		str	r3, [sp, #160]
 150:Core/Src/stm32f7xx_hal_msp.c ****     HAL_GPIO_Init(GPIOA, &GPIO_InitStruct);
 280              		.loc 1 150 5 is_stmt 1 view .LVU83
 150:Core/Src/stm32f7xx_hal_msp.c ****     HAL_GPIO_Init(GPIOA, &GPIO_InitStruct);
 281              		.loc 1 150 31 is_stmt 0 view .LVU84
 282 00c4 0723     		movs	r3, #7
 283 00c6 2993     		str	r3, [sp, #164]
 151:Core/Src/stm32f7xx_hal_msp.c **** 
 284              		.loc 1 151 5 is_stmt 1 view .LVU85
 285 00c8 25A9     		add	r1, sp, #148
 286 00ca 0648     		ldr	r0, .L15+12
 287 00cc FFF7FEFF 		bl	HAL_GPIO_Init
 288              	.LVL8:
 289              		.loc 1 158 1 is_stmt 0 view .LVU86
 290 00d0 AAE7     		b	.L5
 291              	.L14:
 135:Core/Src/stm32f7xx_hal_msp.c ****     }
 292              		.loc 1 135 7 is_stmt 1 view .LVU87
 293 00d2 FFF7FEFF 		bl	Error_Handler
 294              	.LVL9:
 295 00d6 DAE7     		b	.L9
 296              	.L16:
 297              		.align	2
 298              	.L15:
ARM GAS  C:\Users\KCAC0~1.KOZ\AppData\Local\Temp\ccUy24Vj.s 			page 10


 299 00d8 004C0040 		.word	1073761280
 300 00dc 00440040 		.word	1073759232
 301 00e0 00380240 		.word	1073887232
 302 00e4 00000240 		.word	1073872896
 303              		.cfi_endproc
 304              	.LFE142:
 306              		.section	.text.HAL_UART_MspDeInit,"ax",%progbits
 307              		.align	1
 308              		.global	HAL_UART_MspDeInit
 309              		.syntax unified
 310              		.thumb
 311              		.thumb_func
 313              	HAL_UART_MspDeInit:
 314              	.LVL10:
 315              	.LFB143:
 159:Core/Src/stm32f7xx_hal_msp.c **** 
 160:Core/Src/stm32f7xx_hal_msp.c **** /**
 161:Core/Src/stm32f7xx_hal_msp.c **** * @brief UART MSP De-Initialization
 162:Core/Src/stm32f7xx_hal_msp.c **** * This function freeze the hardware resources used in this example
 163:Core/Src/stm32f7xx_hal_msp.c **** * @param huart: UART handle pointer
 164:Core/Src/stm32f7xx_hal_msp.c **** * @retval None
 165:Core/Src/stm32f7xx_hal_msp.c **** */
 166:Core/Src/stm32f7xx_hal_msp.c **** void HAL_UART_MspDeInit(UART_HandleTypeDef* huart)
 167:Core/Src/stm32f7xx_hal_msp.c **** {
 316              		.loc 1 167 1 view -0
 317              		.cfi_startproc
 318              		@ args = 0, pretend = 0, frame = 0
 319              		@ frame_needed = 0, uses_anonymous_args = 0
 320              		.loc 1 167 1 is_stmt 0 view .LVU89
 321 0000 08B5     		push	{r3, lr}
 322              	.LCFI6:
 323              		.cfi_def_cfa_offset 8
 324              		.cfi_offset 3, -8
 325              		.cfi_offset 14, -4
 168:Core/Src/stm32f7xx_hal_msp.c ****   if(huart->Instance==UART4)
 326              		.loc 1 168 3 is_stmt 1 view .LVU90
 327              		.loc 1 168 11 is_stmt 0 view .LVU91
 328 0002 0368     		ldr	r3, [r0]
 329              		.loc 1 168 5 view .LVU92
 330 0004 0E4A     		ldr	r2, .L23
 331 0006 9342     		cmp	r3, r2
 332 0008 03D0     		beq	.L21
 169:Core/Src/stm32f7xx_hal_msp.c ****   {
 170:Core/Src/stm32f7xx_hal_msp.c ****   /* USER CODE BEGIN UART4_MspDeInit 0 */
 171:Core/Src/stm32f7xx_hal_msp.c **** 
 172:Core/Src/stm32f7xx_hal_msp.c ****   /* USER CODE END UART4_MspDeInit 0 */
 173:Core/Src/stm32f7xx_hal_msp.c ****     /* Peripheral clock disable */
 174:Core/Src/stm32f7xx_hal_msp.c ****     __HAL_RCC_UART4_CLK_DISABLE();
 175:Core/Src/stm32f7xx_hal_msp.c **** 
 176:Core/Src/stm32f7xx_hal_msp.c ****     /**UART4 GPIO Configuration
 177:Core/Src/stm32f7xx_hal_msp.c ****     PA0/WKUP     ------> UART4_TX
 178:Core/Src/stm32f7xx_hal_msp.c ****     PA1     ------> UART4_RX
 179:Core/Src/stm32f7xx_hal_msp.c ****     */
 180:Core/Src/stm32f7xx_hal_msp.c ****     HAL_GPIO_DeInit(GPIOA, GPIO_PIN_0|GPIO_PIN_1);
 181:Core/Src/stm32f7xx_hal_msp.c **** 
 182:Core/Src/stm32f7xx_hal_msp.c ****   /* USER CODE BEGIN UART4_MspDeInit 1 */
 183:Core/Src/stm32f7xx_hal_msp.c **** 
ARM GAS  C:\Users\KCAC0~1.KOZ\AppData\Local\Temp\ccUy24Vj.s 			page 11


 184:Core/Src/stm32f7xx_hal_msp.c ****   /* USER CODE END UART4_MspDeInit 1 */
 185:Core/Src/stm32f7xx_hal_msp.c ****   }
 186:Core/Src/stm32f7xx_hal_msp.c ****   else if(huart->Instance==USART2)
 333              		.loc 1 186 8 is_stmt 1 view .LVU93
 334              		.loc 1 186 10 is_stmt 0 view .LVU94
 335 000a 0E4A     		ldr	r2, .L23+4
 336 000c 9342     		cmp	r3, r2
 337 000e 0BD0     		beq	.L22
 338              	.LVL11:
 339              	.L17:
 187:Core/Src/stm32f7xx_hal_msp.c ****   {
 188:Core/Src/stm32f7xx_hal_msp.c ****   /* USER CODE BEGIN USART2_MspDeInit 0 */
 189:Core/Src/stm32f7xx_hal_msp.c **** 
 190:Core/Src/stm32f7xx_hal_msp.c ****   /* USER CODE END USART2_MspDeInit 0 */
 191:Core/Src/stm32f7xx_hal_msp.c ****     /* Peripheral clock disable */
 192:Core/Src/stm32f7xx_hal_msp.c ****     __HAL_RCC_USART2_CLK_DISABLE();
 193:Core/Src/stm32f7xx_hal_msp.c **** 
 194:Core/Src/stm32f7xx_hal_msp.c ****     /**USART2 GPIO Configuration
 195:Core/Src/stm32f7xx_hal_msp.c ****     PA2     ------> USART2_TX
 196:Core/Src/stm32f7xx_hal_msp.c ****     PA3     ------> USART2_RX
 197:Core/Src/stm32f7xx_hal_msp.c ****     */
 198:Core/Src/stm32f7xx_hal_msp.c ****     HAL_GPIO_DeInit(GPIOA, GPIO_PIN_2|GPIO_PIN_3);
 199:Core/Src/stm32f7xx_hal_msp.c **** 
 200:Core/Src/stm32f7xx_hal_msp.c ****   /* USER CODE BEGIN USART2_MspDeInit 1 */
 201:Core/Src/stm32f7xx_hal_msp.c **** 
 202:Core/Src/stm32f7xx_hal_msp.c ****   /* USER CODE END USART2_MspDeInit 1 */
 203:Core/Src/stm32f7xx_hal_msp.c ****   }
 204:Core/Src/stm32f7xx_hal_msp.c **** 
 205:Core/Src/stm32f7xx_hal_msp.c **** }
 340              		.loc 1 205 1 view .LVU95
 341 0010 08BD     		pop	{r3, pc}
 342              	.LVL12:
 343              	.L21:
 174:Core/Src/stm32f7xx_hal_msp.c **** 
 344              		.loc 1 174 5 is_stmt 1 view .LVU96
 345 0012 02F5F632 		add	r2, r2, #125952
 346 0016 136C     		ldr	r3, [r2, #64]
 347 0018 23F40023 		bic	r3, r3, #524288
 348 001c 1364     		str	r3, [r2, #64]
 180:Core/Src/stm32f7xx_hal_msp.c **** 
 349              		.loc 1 180 5 view .LVU97
 350 001e 0321     		movs	r1, #3
 351 0020 0948     		ldr	r0, .L23+8
 352              	.LVL13:
 180:Core/Src/stm32f7xx_hal_msp.c **** 
 353              		.loc 1 180 5 is_stmt 0 view .LVU98
 354 0022 FFF7FEFF 		bl	HAL_GPIO_DeInit
 355              	.LVL14:
 356 0026 F3E7     		b	.L17
 357              	.LVL15:
 358              	.L22:
 192:Core/Src/stm32f7xx_hal_msp.c **** 
 359              		.loc 1 192 5 is_stmt 1 view .LVU99
 360 0028 02F5FA32 		add	r2, r2, #128000
 361 002c 136C     		ldr	r3, [r2, #64]
 362 002e 23F40033 		bic	r3, r3, #131072
 363 0032 1364     		str	r3, [r2, #64]
ARM GAS  C:\Users\KCAC0~1.KOZ\AppData\Local\Temp\ccUy24Vj.s 			page 12


 198:Core/Src/stm32f7xx_hal_msp.c **** 
 364              		.loc 1 198 5 view .LVU100
 365 0034 0C21     		movs	r1, #12
 366 0036 0448     		ldr	r0, .L23+8
 367              	.LVL16:
 198:Core/Src/stm32f7xx_hal_msp.c **** 
 368              		.loc 1 198 5 is_stmt 0 view .LVU101
 369 0038 FFF7FEFF 		bl	HAL_GPIO_DeInit
 370              	.LVL17:
 371              		.loc 1 205 1 view .LVU102
 372 003c E8E7     		b	.L17
 373              	.L24:
 374 003e 00BF     		.align	2
 375              	.L23:
 376 0040 004C0040 		.word	1073761280
 377 0044 00440040 		.word	1073759232
 378 0048 00000240 		.word	1073872896
 379              		.cfi_endproc
 380              	.LFE143:
 382              		.text
 383              	.Letext0:
 384              		.file 2 "c:\\program files (x86)\\gnu arm embedded toolchain\\10 2021.10\\arm-none-eabi\\include\\
 385              		.file 3 "c:\\program files (x86)\\gnu arm embedded toolchain\\10 2021.10\\arm-none-eabi\\include\\
 386              		.file 4 "Drivers/CMSIS/Device/ST/STM32F7xx/Include/stm32f746xx.h"
 387              		.file 5 "Drivers/STM32F7xx_HAL_Driver/Inc/stm32f7xx_hal_def.h"
 388              		.file 6 "Drivers/STM32F7xx_HAL_Driver/Inc/stm32f7xx_hal_rcc_ex.h"
 389              		.file 7 "Drivers/STM32F7xx_HAL_Driver/Inc/stm32f7xx_hal_gpio.h"
 390              		.file 8 "Drivers/STM32F7xx_HAL_Driver/Inc/stm32f7xx_hal_dma.h"
 391              		.file 9 "Drivers/STM32F7xx_HAL_Driver/Inc/stm32f7xx_hal_uart.h"
 392              		.file 10 "Core/Inc/main.h"
 393              		.file 11 "<built-in>"
ARM GAS  C:\Users\KCAC0~1.KOZ\AppData\Local\Temp\ccUy24Vj.s 			page 13


DEFINED SYMBOLS
                            *ABS*:00000000 stm32f7xx_hal_msp.c
C:\Users\KCAC0~1.KOZ\AppData\Local\Temp\ccUy24Vj.s:20     .text.HAL_MspInit:00000000 $t
C:\Users\KCAC0~1.KOZ\AppData\Local\Temp\ccUy24Vj.s:26     .text.HAL_MspInit:00000000 HAL_MspInit
C:\Users\KCAC0~1.KOZ\AppData\Local\Temp\ccUy24Vj.s:77     .text.HAL_MspInit:0000002c $d
C:\Users\KCAC0~1.KOZ\AppData\Local\Temp\ccUy24Vj.s:82     .text.HAL_UART_MspInit:00000000 $t
C:\Users\KCAC0~1.KOZ\AppData\Local\Temp\ccUy24Vj.s:88     .text.HAL_UART_MspInit:00000000 HAL_UART_MspInit
C:\Users\KCAC0~1.KOZ\AppData\Local\Temp\ccUy24Vj.s:299    .text.HAL_UART_MspInit:000000d8 $d
C:\Users\KCAC0~1.KOZ\AppData\Local\Temp\ccUy24Vj.s:307    .text.HAL_UART_MspDeInit:00000000 $t
C:\Users\KCAC0~1.KOZ\AppData\Local\Temp\ccUy24Vj.s:313    .text.HAL_UART_MspDeInit:00000000 HAL_UART_MspDeInit
C:\Users\KCAC0~1.KOZ\AppData\Local\Temp\ccUy24Vj.s:376    .text.HAL_UART_MspDeInit:00000040 $d

UNDEFINED SYMBOLS
memset
HAL_RCCEx_PeriphCLKConfig
HAL_GPIO_Init
Error_Handler
HAL_GPIO_DeInit
